<?xml version="1.0" encoding="UTF-8"?>
<!-- Generated by org.testng.reporters.JUnitXMLReporter -->
<testsuite ignored="0" hostname="DESKTOP-N6K8B2K" failures="1" tests="1" name="Test" time="0.097" errors="0" timestamp="2022-02-28T14:37:28 IST">
  <testcase classname="testpackage.TestValidLogin" name="login" time="0.044">
    <failure type="java.io.FileNotFoundException" message="PROP_PATH (The system cannot find the file specified)">
      <![CDATA[java.io.FileNotFoundException: PROP_PATH (The system cannot find the file specified)
at java.base/java.io.FileInputStream.open0(Native Method)
at java.base/java.io.FileInputStream.open(FileInputStream.java:216)
at java.base/java.io.FileInputStream.<init>(FileInputStream.java:157)
at java.base/java.io.FileInputStream.<init>(FileInputStream.java:111)
at generic.Flib.readPropertyData(Flib.java:40)
at testpackage.TestValidLogin.login(TestValidLogin.java:18)
at java.base/java.util.ArrayList.forEach(ArrayList.java:1511)
... Removed 27 stack frames]]>
    </failure>
  </testcase> <!-- login -->
</testsuite> <!-- Test -->
